<?xml version="1.0" encoding="UTF-8"?>
<!-- Generated by org.testng.reporters.JUnitReportReporter -->
<testsuite hostname="utkarsh-Aspire-E1-571" failures="0" tests="2" name="Test1" time="77.886" errors="0" timestamp="2021-10-08T01:19:29 IST" skipped="0">
  <testcase classname="Test1" name="Exercise_1" time="55.448"/>
  <system-out/>
  <testcase classname="Test1" name="Exercise_2" time="22.438"/>
  <system-out/>
</testsuite> <!-- Test1 -->
